c:\users\novokrestwin\desktop\github\waterfall\win\waterfall\debug\vc120.pdb
c:\users\novokrestwin\desktop\github\waterfall\win\waterfall\debug\vc120.idb
c:\users\novokrestwin\desktop\github\waterfall\win\waterfall\debug\camera.obj
c:\users\novokrestwin\desktop\github\waterfall\win\waterfall\debug\main.obj
c:\users\novokrestwin\desktop\github\waterfall\win\waterfall\debug\model.obj
c:\users\novokrestwin\desktop\github\waterfall\win\waterfall\debug\particlesystem.obj
c:\users\novokrestwin\desktop\github\waterfall\win\waterfall\debug\shaders.obj
c:\users\novokrestwin\desktop\github\waterfall\win\waterfall\debug\skybox.obj
c:\users\novokrestwin\desktop\github\waterfall\win\waterfall\debug\texture.obj
c:\users\novokrestwin\desktop\github\waterfall\win\waterfall\debug\tiny_obj_loader.obj
c:\users\novokrestwin\desktop\github\waterfall\win\waterfall\debug\utils.obj
c:\users\novokrestwin\desktop\github\waterfall\win\waterfall\debug\waterfall.obj
c:\users\novokrestwin\desktop\github\waterfall\win\waterfall\debug\lightedtexture.obj
c:\users\novokrestwin\desktop\github\waterfall\win\waterfall\debug\waterfallprogram.obj
c:\users\novokrestwin\desktop\github\waterfall\win\debug\waterfall.pdb
c:\users\novokrestwin\desktop\github\waterfall\win\debug\waterfall.ilk
c:\users\novokrestwin\desktop\github\waterfall\win\waterfall\debug\waterfall.tlog\cl.command.1.tlog
c:\users\novokrestwin\desktop\github\waterfall\win\waterfall\debug\waterfall.tlog\cl.read.1.tlog
c:\users\novokrestwin\desktop\github\waterfall\win\waterfall\debug\waterfall.tlog\cl.write.1.tlog
c:\users\novokrestwin\desktop\github\waterfall\win\waterfall\debug\waterfall.tlog\link.command.1.tlog
c:\users\novokrestwin\desktop\github\waterfall\win\waterfall\debug\waterfall.tlog\link.read.1.tlog
c:\users\novokrestwin\desktop\github\waterfall\win\waterfall\debug\waterfall.tlog\link.write.1.tlog
