Build started 08.12.2014 4:06:19.
     1>Project "C:\Users\novokrestWin\Desktop\CompGraphic\Waterfall\Waterfall\Waterfall.vcxproj" on node 2 (Build target(s)).
     1>ClCompile:
         C:\Program Files (x86)\Microsoft Visual Studio 12.0\VC\bin\CL.exe /c /IC:\Users\novokrestWin\Desktop\CompGraphic\ext\FreeImage\include /IC:\Users\novokrestWin\Desktop\CompGraphic\ext\AntTweakBar\include /IC:\Users\novokrestWin\Desktop\CompGraphic\ext\freeglut\include /I"C:\Users\novokrestWin\Desktop\CompGraphic\ext\glew-1.10.0\include" /IC:\Users\novokrestWin\Desktop\CompGraphic\ext\glm /ZI /nologo /W3 /WX- /sdl- /Od /Oy- /D WIN32 /D _WINDOWS /D _DEBUG /D _MBCS /Gm /EHsc /RTC1 /MDd /GS /fp:precise /Zc:wchar_t /Zc:forScope /Fo"Debug\\" /Fd"Debug\vc120.pdb" /Gd /TP /analyze- /errorReport:prompt main.cpp waterfallprogram.cpp
         waterfallprogram.cpp
         GLM: perspective function taking degrees as a parameter is deprecated. #define GLM_FORCE_RADIANS before including GLM headers to remove this message.
         Generating Code...
         Compiling...
         main.cpp
         Generating Code...
       Link:
         C:\Program Files (x86)\Microsoft Visual Studio 12.0\VC\bin\link.exe /ERRORREPORT:PROMPT /OUT:"C:\Users\novokrestWin\Desktop\CompGraphic\Waterfall\Debug\Waterfall.exe" /INCREMENTAL /NOLOGO /LIBPATH:C:\Users\novokrestWin\Desktop\CompGraphic\ext\FreeImage\lib /LIBPATH:"C:\Users\novokrestWin\Desktop\CompGraphic\ext\glew-1.10.0\lib\Release\Win32" /LIBPATH:C:\Users\novokrestWin\Desktop\CompGraphic\ext\freeglut\lib /LIBPATH:C:\Users\novokrestWin\Desktop\CompGraphic\ext\AntTweakBar\lib kernel32.lib user32.lib gdi32.lib winspool.lib shell32.lib ole32.lib oleaut32.lib uuid.lib comdlg32.lib advapi32.lib freeglut.lib glew32.lib AntTweakBar.lib FreeImage.lib kernel32.lib user32.lib gdi32.lib winspool.lib comdlg32.lib advapi32.lib shell32.lib ole32.lib oleaut32.lib uuid.lib odbc32.lib odbccp32.lib /MANIFEST /MANIFESTUAC:"level='asInvoker' uiAccess='false'" /manifest:embed /DEBUG /PDB:"C:\Users\novokrestWin\Desktop\CompGraphic\Waterfall\Debug\Waterfall.pdb" /TLBID:1 /DYNAMICBASE /NXCOMPAT /IMPLIB:"C:\Users\novokrestWin\Desktop\CompGraphic\Waterfall\Debug\Waterfall.lib" /MACHINE:X86 Debug\main.obj
         Debug\particlesystem.obj
         Debug\shaders.obj
         Debug\texture.obj
         Debug\utils.obj
         Debug\waterfallprogram.obj
         Waterfall.vcxproj -> C:\Users\novokrestWin\Desktop\CompGraphic\Waterfall\Debug\Waterfall.exe
     1>Done Building Project "C:\Users\novokrestWin\Desktop\CompGraphic\Waterfall\Waterfall\Waterfall.vcxproj" (Build target(s)).

Build succeeded.

Time Elapsed 00:00:01.97
